<?xml version="1.0" encoding="UTF-8"?>
<testsuite xmlns:xsi="http://www.w3.org/2001/XMLSchema-instance" xsi:noNamespaceSchemaLocation="https://maven.apache.org/surefire/maven-surefire-plugin/xsd/surefire-test-report.xsd" name="es.ull.flights.FlightTest" time="0.005" tests="6" errors="0" skipped="0" failures="0">
  <properties>
[...]
</properties>
  <testcase name="testFlightConstructorInvalidSeats" classname="es.ull.flights.FlightTest$FlightConstructorTest" time="0"/>
  <testcase name="testFlightConstructor" classname="es.ull.flights.FlightTest$FlightConstructorTest" time="0"/>
  <testcase name="testFlightAddPassengerNoSeats" classname="es.ull.flights.FlightTest$FlightConstructorTest" time="0"/>
  <testcase name="testRemovePassenger" classname="es.ull.flights.FlightTest$FlightConstructorTest" time="0"/>
  <testcase name="testFlightAddPassenger" classname="es.ull.flights.FlightTest$FlightConstructorTest" time="0"/>
  <testcase name="testFlightConstructorInvalidFlightNumber" classname="es.ull.flights.FlightTest$FlightConstructorTest" time="0"/>
</testsuite>