<?xml version="1.0" encoding="UTF-8"?>
<testsuite xmlns:xsi="http://www.w3.org/2001/XMLSchema-instance" xsi:noNamespaceSchemaLocation="https://maven.apache.org/surefire/maven-surefire-plugin/xsd/surefire-test-report.xsd" name="es.ull.passengers.PassengerTest" time="0.003" tests="3" errors="0" skipped="0" failures="0">
  <properties>
[...]
</properties>
  <testcase name="testPassengerConstructorInvalidIdentifier" classname="es.ull.passengers.PassengerTest$PassengerConstructorTest" time="0"/>
  <testcase name="testPassengerConstructorInvalidCountryCode" classname="es.ull.passengers.PassengerTest$PassengerConstructorTest" time="0"/>
  <testcase name="testPassengerConstructor" classname="es.ull.passengers.PassengerTest$PassengerConstructorTest" time="0"/>
</testsuite>